Línea 57: la clase Factusoft.ChameleonBtn del control cmdcerrarObservacion no era una clase de control cargada.
Línea 146: la clase Factusoft.ChameleonBtn del control cmdcerrarpantalla2 no era una clase de control cargada.
Línea 279: la clase Factusoft.ChameleonBtn del control cmdProcesarSis no era una clase de control cargada.
Línea 317: la clase Factusoft.ChameleonBtn del control CmdSaliFrame no era una clase de control cargada.
Línea 355: la clase Factusoft.ChameleonBtn del control cmdCrearFua no era una clase de control cargada.
Línea 393: la clase Factusoft.ChameleonBtn del control CmdAbrirGua no era una clase de control cargada.
Línea 432: la clase Factusoft.ChameleonBtn del control cmdOtroSeguro no era una clase de control cargada.
Línea 514: la clase Factusoft.ChameleonBtn del control cmdCambio no era una clase de control cargada.
Línea 552: la clase Factusoft.ChameleonBtn del control cmdValidar no era una clase de control cargada.
Línea 667: la clase Factusoft.ChameleonBtn del control cmdSaludOcupacional no era una clase de control cargada.
Línea 706: la clase Factusoft.ChameleonBtn del control cmdFua no era una clase de control cargada.
Línea 772: la clase Factusoft.ChameleonBtn del control cmdHistorial no era una clase de control cargada.
Línea 811: la clase Factusoft.ChameleonBtn del control cmdAnular no era una clase de control cargada.
Línea 850: la clase Factusoft.ChameleonBtn del control cmdHistoria no era una clase de control cargada.
Línea 889: la clase Factusoft.ChameleonBtn del control cmdEmergencia no era una clase de control cargada.
Línea 929: la clase Factusoft.ChameleonBtn del control cmdComprobante no era una clase de control cargada.
Línea 1004: la clase Factusoft.ChameleonBtn del control cmdValidareSALUD no era una clase de control cargada.
Línea 63: el nombre de la propiedad _ExtentX de cmdcerrarObservacion no es válido.
Línea 64: el nombre de la propiedad _ExtentY de cmdcerrarObservacion no es válido.
Línea 65: el nombre de la propiedad BTYPE de cmdcerrarObservacion no es válido.
Línea 66: el nombre de la propiedad TX de cmdcerrarObservacion no es válido.
Línea 67: el nombre de la propiedad ENAB de cmdcerrarObservacion no es válido.
Línea 77: el nombre de la propiedad COLTYPE de cmdcerrarObservacion no es válido.
Línea 78: el nombre de la propiedad FOCUSR de cmdcerrarObservacion no es válido.
Línea 79: el nombre de la propiedad BCOL de cmdcerrarObservacion no es válido.
Línea 80: el nombre de la propiedad BCOLO de cmdcerrarObservacion no es válido.
Línea 81: el nombre de la propiedad FCOL de cmdcerrarObservacion no es válido.
Línea 82: el nombre de la propiedad FCOLO de cmdcerrarObservacion no es válido.
Línea 83: el nombre de la propiedad MCOL de cmdcerrarObservacion no es válido.
Línea 84: el nombre de la propiedad MPTR de cmdcerrarObservacion no es válido.
Línea 85: el nombre de la propiedad MICON de cmdcerrarObservacion no es válido.
Línea 86: el nombre de la propiedad UMCOL de cmdcerrarObservacion no es válido.
Línea 87: el nombre de la propiedad SOFT de cmdcerrarObservacion no es válido.
Línea 88: el nombre de la propiedad PICPOS de cmdcerrarObservacion no es válido.
Línea 89: el nombre de la propiedad NGREY de cmdcerrarObservacion no es válido.
Línea 90: el nombre de la propiedad FX de cmdcerrarObservacion no es válido.
Línea 91: el nombre de la propiedad HAND de cmdcerrarObservacion no es válido.
Línea 92: el nombre de la propiedad CHECK de cmdcerrarObservacion no es válido.
Línea 93: el nombre de la propiedad VALUE de cmdcerrarObservacion no es válido.
Línea 152: el nombre de la propiedad _ExtentX de cmdcerrarpantalla2 no es válido.
Línea 153: el nombre de la propiedad _ExtentY de cmdcerrarpantalla2 no es válido.
Línea 154: el nombre de la propiedad BTYPE de cmdcerrarpantalla2 no es válido.
Línea 155: el nombre de la propiedad TX de cmdcerrarpantalla2 no es válido.
Línea 156: el nombre de la propiedad ENAB de cmdcerrarpantalla2 no es válido.
Línea 166: el nombre de la propiedad COLTYPE de cmdcerrarpantalla2 no es válido.
Línea 167: el nombre de la propiedad FOCUSR de cmdcerrarpantalla2 no es válido.
Línea 168: el nombre de la propiedad BCOL de cmdcerrarpantalla2 no es válido.
Línea 169: el nombre de la propiedad BCOLO de cmdcerrarpantalla2 no es válido.
Línea 170: el nombre de la propiedad FCOL de cmdcerrarpantalla2 no es válido.
Línea 171: el nombre de la propiedad FCOLO de cmdcerrarpantalla2 no es válido.
Línea 172: el nombre de la propiedad MCOL de cmdcerrarpantalla2 no es válido.
Línea 173: el nombre de la propiedad MPTR de cmdcerrarpantalla2 no es válido.
Línea 174: el nombre de la propiedad MICON de cmdcerrarpantalla2 no es válido.
Línea 175: el nombre de la propiedad PICN de cmdcerrarpantalla2 no es válido.
Línea 176: el nombre de la propiedad UMCOL de cmdcerrarpantalla2 no es válido.
Línea 177: el nombre de la propiedad SOFT de cmdcerrarpantalla2 no es válido.
Línea 178: el nombre de la propiedad PICPOS de cmdcerrarpantalla2 no es válido.
Línea 179: el nombre de la propiedad NGREY de cmdcerrarpantalla2 no es válido.
Línea 180: el nombre de la propiedad FX de cmdcerrarpantalla2 no es válido.
Línea 181: el nombre de la propiedad HAND de cmdcerrarpantalla2 no es válido.
Línea 182: el nombre de la propiedad CHECK de cmdcerrarpantalla2 no es válido.
Línea 183: el nombre de la propiedad VALUE de cmdcerrarpantalla2 no es válido.
Línea 285: el nombre de la propiedad _ExtentX de cmdProcesarSis no es válido.
Línea 286: el nombre de la propiedad _ExtentY de cmdProcesarSis no es válido.
Línea 287: el nombre de la propiedad BTYPE de cmdProcesarSis no es válido.
Línea 288: el nombre de la propiedad TX de cmdProcesarSis no es válido.
Línea 289: el nombre de la propiedad ENAB de cmdProcesarSis no es válido.
Línea 299: el nombre de la propiedad COLTYPE de cmdProcesarSis no es válido.
Línea 300: el nombre de la propiedad FOCUSR de cmdProcesarSis no es válido.
Línea 301: el nombre de la propiedad BCOL de cmdProcesarSis no es válido.
Línea 302: el nombre de la propiedad BCOLO de cmdProcesarSis no es válido.
Línea 303: el nombre de la propiedad FCOL de cmdProcesarSis no es válido.
Línea 304: el nombre de la propiedad FCOLO de cmdProcesarSis no es válido.
Línea 305: el nombre de la propiedad MCOL de cmdProcesarSis no es válido.
Línea 306: el nombre de la propiedad MPTR de cmdProcesarSis no es válido.
Línea 307: el nombre de la propiedad MICON de cmdProcesarSis no es válido.
Línea 308: el nombre de la propiedad UMCOL de cmdProcesarSis no es válido.
Línea 309: el nombre de la propiedad SOFT de cmdProcesarSis no es válido.
Línea 310: el nombre de la propiedad PICPOS de cmdProcesarSis no es válido.
Línea 311: el nombre de la propiedad NGREY de cmdProcesarSis no es válido.
Línea 312: el nombre de la propiedad FX de cmdProcesarSis no es válido.
Línea 313: el nombre de la propiedad HAND de cmdProcesarSis no es válido.
Línea 314: el nombre de la propiedad CHECK de cmdProcesarSis no es válido.
Línea 315: el nombre de la propiedad VALUE de cmdProcesarSis no es válido.
Línea 323: el nombre de la propiedad _ExtentX de CmdSaliFrame no es válido.
Línea 324: el nombre de la propiedad _ExtentY de CmdSaliFrame no es válido.
Línea 325: el nombre de la propiedad BTYPE de CmdSaliFrame no es válido.
Línea 326: el nombre de la propiedad TX de CmdSaliFrame no es válido.
Línea 327: el nombre de la propiedad ENAB de CmdSaliFrame no es válido.
Línea 337: el nombre de la propiedad COLTYPE de CmdSaliFrame no es válido.
Línea 338: el nombre de la propiedad FOCUSR de CmdSaliFrame no es válido.
Línea 339: el nombre de la propiedad BCOL de CmdSaliFrame no es válido.
Línea 340: el nombre de la propiedad BCOLO de CmdSaliFrame no es válido.
Línea 341: el nombre de la propiedad FCOL de CmdSaliFrame no es válido.
Línea 342: el nombre de la propiedad FCOLO de CmdSaliFrame no es válido.
Línea 343: el nombre de la propiedad MCOL de CmdSaliFrame no es válido.
Línea 344: el nombre de la propiedad MPTR de CmdSaliFrame no es válido.
Línea 345: el nombre de la propiedad MICON de CmdSaliFrame no es válido.
Línea 346: el nombre de la propiedad UMCOL de CmdSaliFrame no es válido.
Línea 347: el nombre de la propiedad SOFT de CmdSaliFrame no es válido.
Línea 348: el nombre de la propiedad PICPOS de CmdSaliFrame no es válido.
Línea 349: el nombre de la propiedad NGREY de CmdSaliFrame no es válido.
Línea 350: el nombre de la propiedad FX de CmdSaliFrame no es válido.
Línea 351: el nombre de la propiedad HAND de CmdSaliFrame no es válido.
Línea 352: el nombre de la propiedad CHECK de CmdSaliFrame no es válido.
Línea 353: el nombre de la propiedad VALUE de CmdSaliFrame no es válido.
Línea 361: el nombre de la propiedad _ExtentX de cmdCrearFua no es válido.
Línea 362: el nombre de la propiedad _ExtentY de cmdCrearFua no es válido.
Línea 363: el nombre de la propiedad BTYPE de cmdCrearFua no es válido.
Línea 364: el nombre de la propiedad TX de cmdCrearFua no es válido.
Línea 365: el nombre de la propiedad ENAB de cmdCrearFua no es válido.
Línea 375: el nombre de la propiedad COLTYPE de cmdCrearFua no es válido.
Línea 376: el nombre de la propiedad FOCUSR de cmdCrearFua no es válido.
Línea 377: el nombre de la propiedad BCOL de cmdCrearFua no es válido.
Línea 378: el nombre de la propiedad BCOLO de cmdCrearFua no es válido.
Línea 379: el nombre de la propiedad FCOL de cmdCrearFua no es válido.
Línea 380: el nombre de la propiedad FCOLO de cmdCrearFua no es válido.
Línea 381: el nombre de la propiedad MCOL de cmdCrearFua no es válido.
Línea 382: el nombre de la propiedad MPTR de cmdCrearFua no es válido.
Línea 383: el nombre de la propiedad MICON de cmdCrearFua no es válido.
Línea 384: el nombre de la propiedad UMCOL de cmdCrearFua no es válido.
Línea 385: el nombre de la propiedad SOFT de cmdCrearFua no es válido.
Línea 386: el nombre de la propiedad PICPOS de cmdCrearFua no es válido.
Línea 387: el nombre de la propiedad NGREY de cmdCrearFua no es válido.
Línea 388: el nombre de la propiedad FX de cmdCrearFua no es válido.
Línea 389: el nombre de la propiedad HAND de cmdCrearFua no es válido.
Línea 390: el nombre de la propiedad CHECK de cmdCrearFua no es válido.
Línea 391: el nombre de la propiedad VALUE de cmdCrearFua no es válido.
Línea 400: el nombre de la propiedad _ExtentX de CmdAbrirGua no es válido.
Línea 401: el nombre de la propiedad _ExtentY de CmdAbrirGua no es válido.
Línea 402: el nombre de la propiedad BTYPE de CmdAbrirGua no es válido.
Línea 403: el nombre de la propiedad TX de CmdAbrirGua no es válido.
Línea 404: el nombre de la propiedad ENAB de CmdAbrirGua no es válido.
Línea 414: el nombre de la propiedad COLTYPE de CmdAbrirGua no es válido.
Línea 415: el nombre de la propiedad FOCUSR de CmdAbrirGua no es válido.
Línea 416: el nombre de la propiedad BCOL de CmdAbrirGua no es válido.
Línea 417: el nombre de la propiedad BCOLO de CmdAbrirGua no es válido.
Línea 418: el nombre de la propiedad FCOL de CmdAbrirGua no es válido.
Línea 419: el nombre de la propiedad FCOLO de CmdAbrirGua no es válido.
Línea 420: el nombre de la propiedad MCOL de CmdAbrirGua no es válido.
Línea 421: el nombre de la propiedad MPTR de CmdAbrirGua no es válido.
Línea 422: el nombre de la propiedad MICON de CmdAbrirGua no es válido.
Línea 423: el nombre de la propiedad UMCOL de CmdAbrirGua no es válido.
Línea 424: el nombre de la propiedad SOFT de CmdAbrirGua no es válido.
Línea 425: el nombre de la propiedad PICPOS de CmdAbrirGua no es válido.
Línea 426: el nombre de la propiedad NGREY de CmdAbrirGua no es válido.
Línea 427: el nombre de la propiedad FX de CmdAbrirGua no es válido.
Línea 428: el nombre de la propiedad HAND de CmdAbrirGua no es válido.
Línea 429: el nombre de la propiedad CHECK de CmdAbrirGua no es válido.
Línea 430: el nombre de la propiedad VALUE de CmdAbrirGua no es válido.
Línea 438: el nombre de la propiedad _ExtentX de cmdOtroSeguro no es válido.
Línea 439: el nombre de la propiedad _ExtentY de cmdOtroSeguro no es válido.
Línea 440: el nombre de la propiedad BTYPE de cmdOtroSeguro no es válido.
Línea 441: el nombre de la propiedad TX de cmdOtroSeguro no es válido.
Línea 442: el nombre de la propiedad ENAB de cmdOtroSeguro no es válido.
Línea 452: el nombre de la propiedad COLTYPE de cmdOtroSeguro no es válido.
Línea 453: el nombre de la propiedad FOCUSR de cmdOtroSeguro no es válido.
Línea 454: el nombre de la propiedad BCOL de cmdOtroSeguro no es válido.
Línea 455: el nombre de la propiedad BCOLO de cmdOtroSeguro no es válido.
Línea 456: el nombre de la propiedad FCOL de cmdOtroSeguro no es válido.
Línea 457: el nombre de la propiedad FCOLO de cmdOtroSeguro no es válido.
Línea 458: el nombre de la propiedad MCOL de cmdOtroSeguro no es válido.
Línea 459: el nombre de la propiedad MPTR de cmdOtroSeguro no es válido.
Línea 460: el nombre de la propiedad MICON de cmdOtroSeguro no es válido.
Línea 461: el nombre de la propiedad UMCOL de cmdOtroSeguro no es válido.
Línea 462: el nombre de la propiedad SOFT de cmdOtroSeguro no es válido.
Línea 463: el nombre de la propiedad PICPOS de cmdOtroSeguro no es válido.
Línea 464: el nombre de la propiedad NGREY de cmdOtroSeguro no es válido.
Línea 465: el nombre de la propiedad FX de cmdOtroSeguro no es válido.
Línea 466: el nombre de la propiedad HAND de cmdOtroSeguro no es válido.
Línea 467: el nombre de la propiedad CHECK de cmdOtroSeguro no es válido.
Línea 468: el nombre de la propiedad VALUE de cmdOtroSeguro no es válido.
Línea 520: el nombre de la propiedad _ExtentX de cmdCambio no es válido.
Línea 521: el nombre de la propiedad _ExtentY de cmdCambio no es válido.
Línea 522: el nombre de la propiedad BTYPE de cmdCambio no es válido.
Línea 523: el nombre de la propiedad TX de cmdCambio no es válido.
Línea 524: el nombre de la propiedad ENAB de cmdCambio no es válido.
Línea 534: el nombre de la propiedad COLTYPE de cmdCambio no es válido.
Línea 535: el nombre de la propiedad FOCUSR de cmdCambio no es válido.
Línea 536: el nombre de la propiedad BCOL de cmdCambio no es válido.
Línea 537: el nombre de la propiedad BCOLO de cmdCambio no es válido.
Línea 538: el nombre de la propiedad FCOL de cmdCambio no es válido.
Línea 539: el nombre de la propiedad FCOLO de cmdCambio no es válido.
Línea 540: el nombre de la propiedad MCOL de cmdCambio no es válido.
Línea 541: el nombre de la propiedad MPTR de cmdCambio no es válido.
Línea 542: el nombre de la propiedad MICON de cmdCambio no es válido.
Línea 543: el nombre de la propiedad UMCOL de cmdCambio no es válido.
Línea 544: el nombre de la propiedad SOFT de cmdCambio no es válido.
Línea 545: el nombre de la propiedad PICPOS de cmdCambio no es válido.
Línea 546: el nombre de la propiedad NGREY de cmdCambio no es válido.
Línea 547: el nombre de la propiedad FX de cmdCambio no es válido.
Línea 548: el nombre de la propiedad HAND de cmdCambio no es válido.
Línea 549: el nombre de la propiedad CHECK de cmdCambio no es válido.
Línea 550: el nombre de la propiedad VALUE de cmdCambio no es válido.
Línea 558: el nombre de la propiedad _ExtentX de cmdValidar no es válido.
Línea 559: el nombre de la propiedad _ExtentY de cmdValidar no es válido.
Línea 560: el nombre de la propiedad BTYPE de cmdValidar no es válido.
Línea 561: el nombre de la propiedad TX de cmdValidar no es válido.
Línea 562: el nombre de la propiedad ENAB de cmdValidar no es válido.
Línea 572: el nombre de la propiedad COLTYPE de cmdValidar no es válido.
Línea 573: el nombre de la propiedad FOCUSR de cmdValidar no es válido.
Línea 574: el nombre de la propiedad BCOL de cmdValidar no es válido.
Línea 575: el nombre de la propiedad BCOLO de cmdValidar no es válido.
Línea 576: el nombre de la propiedad FCOL de cmdValidar no es válido.
Línea 577: el nombre de la propiedad FCOLO de cmdValidar no es válido.
Línea 578: el nombre de la propiedad MCOL de cmdValidar no es válido.
Línea 579: el nombre de la propiedad MPTR de cmdValidar no es válido.
Línea 580: el nombre de la propiedad MICON de cmdValidar no es válido.
Línea 581: el nombre de la propiedad UMCOL de cmdValidar no es válido.
Línea 582: el nombre de la propiedad SOFT de cmdValidar no es válido.
Línea 583: el nombre de la propiedad PICPOS de cmdValidar no es válido.
Línea 584: el nombre de la propiedad NGREY de cmdValidar no es válido.
Línea 585: el nombre de la propiedad FX de cmdValidar no es válido.
Línea 586: el nombre de la propiedad HAND de cmdValidar no es válido.
Línea 587: el nombre de la propiedad CHECK de cmdValidar no es válido.
Línea 588: el nombre de la propiedad VALUE de cmdValidar no es válido.
Línea 673: el nombre de la propiedad _ExtentX de cmdSaludOcupacional no es válido.
Línea 674: el nombre de la propiedad _ExtentY de cmdSaludOcupacional no es válido.
Línea 675: el nombre de la propiedad BTYPE de cmdSaludOcupacional no es válido.
Línea 676: el nombre de la propiedad TX de cmdSaludOcupacional no es válido.
Línea 677: el nombre de la propiedad ENAB de cmdSaludOcupacional no es válido.
Línea 687: el nombre de la propiedad COLTYPE de cmdSaludOcupacional no es válido.
Línea 688: el nombre de la propiedad FOCUSR de cmdSaludOcupacional no es válido.
Línea 689: el nombre de la propiedad BCOL de cmdSaludOcupacional no es válido.
Línea 690: el nombre de la propiedad BCOLO de cmdSaludOcupacional no es válido.
Línea 691: el nombre de la propiedad FCOL de cmdSaludOcupacional no es válido.
Línea 692: el nombre de la propiedad FCOLO de cmdSaludOcupacional no es válido.
Línea 693: el nombre de la propiedad MCOL de cmdSaludOcupacional no es válido.
Línea 694: el nombre de la propiedad MPTR de cmdSaludOcupacional no es válido.
Línea 695: el nombre de la propiedad MICON de cmdSaludOcupacional no es válido.
Línea 696: el nombre de la propiedad PICN de cmdSaludOcupacional no es válido.
Línea 697: el nombre de la propiedad UMCOL de cmdSaludOcupacional no es válido.
Línea 698: el nombre de la propiedad SOFT de cmdSaludOcupacional no es válido.
Línea 699: el nombre de la propiedad PICPOS de cmdSaludOcupacional no es válido.
Línea 700: el nombre de la propiedad NGREY de cmdSaludOcupacional no es válido.
Línea 701: el nombre de la propiedad FX de cmdSaludOcupacional no es válido.
Línea 702: el nombre de la propiedad HAND de cmdSaludOcupacional no es válido.
Línea 703: el nombre de la propiedad CHECK de cmdSaludOcupacional no es válido.
Línea 704: el nombre de la propiedad VALUE de cmdSaludOcupacional no es válido.
Línea 713: el nombre de la propiedad _ExtentX de cmdFua no es válido.
Línea 714: el nombre de la propiedad _ExtentY de cmdFua no es válido.
Línea 715: el nombre de la propiedad BTYPE de cmdFua no es válido.
Línea 716: el nombre de la propiedad TX de cmdFua no es válido.
Línea 717: el nombre de la propiedad ENAB de cmdFua no es válido.
Línea 727: el nombre de la propiedad COLTYPE de cmdFua no es válido.
Línea 728: el nombre de la propiedad FOCUSR de cmdFua no es válido.
Línea 729: el nombre de la propiedad BCOL de cmdFua no es válido.
Línea 730: el nombre de la propiedad BCOLO de cmdFua no es válido.
Línea 731: el nombre de la propiedad FCOL de cmdFua no es válido.
Línea 732: el nombre de la propiedad FCOLO de cmdFua no es válido.
Línea 733: el nombre de la propiedad MCOL de cmdFua no es válido.
Línea 734: el nombre de la propiedad MPTR de cmdFua no es válido.
Línea 735: el nombre de la propiedad MICON de cmdFua no es válido.
Línea 736: el nombre de la propiedad UMCOL de cmdFua no es válido.
Línea 737: el nombre de la propiedad SOFT de cmdFua no es válido.
Línea 738: el nombre de la propiedad PICPOS de cmdFua no es válido.
Línea 739: el nombre de la propiedad NGREY de cmdFua no es válido.
Línea 740: el nombre de la propiedad FX de cmdFua no es válido.
Línea 741: el nombre de la propiedad HAND de cmdFua no es válido.
Línea 742: el nombre de la propiedad CHECK de cmdFua no es válido.
Línea 743: el nombre de la propiedad VALUE de cmdFua no es válido.
Línea 778: el nombre de la propiedad _ExtentX de cmdHistorial no es válido.
Línea 779: el nombre de la propiedad _ExtentY de cmdHistorial no es válido.
Línea 780: el nombre de la propiedad BTYPE de cmdHistorial no es válido.
Línea 781: el nombre de la propiedad TX de cmdHistorial no es válido.
Línea 782: el nombre de la propiedad ENAB de cmdHistorial no es válido.
Línea 792: el nombre de la propiedad COLTYPE de cmdHistorial no es válido.
Línea 793: el nombre de la propiedad FOCUSR de cmdHistorial no es válido.
Línea 794: el nombre de la propiedad BCOL de cmdHistorial no es válido.
Línea 795: el nombre de la propiedad BCOLO de cmdHistorial no es válido.
Línea 796: el nombre de la propiedad FCOL de cmdHistorial no es válido.
Línea 797: el nombre de la propiedad FCOLO de cmdHistorial no es válido.
Línea 798: el nombre de la propiedad MCOL de cmdHistorial no es válido.
Línea 799: el nombre de la propiedad MPTR de cmdHistorial no es válido.
Línea 800: el nombre de la propiedad MICON de cmdHistorial no es válido.
Línea 801: el nombre de la propiedad PICN de cmdHistorial no es válido.
Línea 802: el nombre de la propiedad UMCOL de cmdHistorial no es válido.
Línea 803: el nombre de la propiedad SOFT de cmdHistorial no es válido.
Línea 804: el nombre de la propiedad PICPOS de cmdHistorial no es válido.
Línea 805: el nombre de la propiedad NGREY de cmdHistorial no es válido.
Línea 806: el nombre de la propiedad FX de cmdHistorial no es válido.
Línea 807: el nombre de la propiedad HAND de cmdHistorial no es válido.
Línea 808: el nombre de la propiedad CHECK de cmdHistorial no es válido.
Línea 809: el nombre de la propiedad VALUE de cmdHistorial no es válido.
Línea 817: el nombre de la propiedad _ExtentX de cmdAnular no es válido.
Línea 818: el nombre de la propiedad _ExtentY de cmdAnular no es válido.
Línea 819: el nombre de la propiedad BTYPE de cmdAnular no es válido.
Línea 820: el nombre de la propiedad TX de cmdAnular no es válido.
Línea 821: el nombre de la propiedad ENAB de cmdAnular no es válido.
Línea 831: el nombre de la propiedad COLTYPE de cmdAnular no es válido.
Línea 832: el nombre de la propiedad FOCUSR de cmdAnular no es válido.
Línea 833: el nombre de la propiedad BCOL de cmdAnular no es válido.
Línea 834: el nombre de la propiedad BCOLO de cmdAnular no es válido.
Línea 835: el nombre de la propiedad FCOL de cmdAnular no es válido.
Línea 836: el nombre de la propiedad FCOLO de cmdAnular no es válido.
Línea 837: el nombre de la propiedad MCOL de cmdAnular no es válido.
Línea 838: el nombre de la propiedad MPTR de cmdAnular no es válido.
Línea 839: el nombre de la propiedad MICON de cmdAnular no es válido.
Línea 840: el nombre de la propiedad PICN de cmdAnular no es válido.
Línea 841: el nombre de la propiedad UMCOL de cmdAnular no es válido.
Línea 842: el nombre de la propiedad SOFT de cmdAnular no es válido.
Línea 843: el nombre de la propiedad PICPOS de cmdAnular no es válido.
Línea 844: el nombre de la propiedad NGREY de cmdAnular no es válido.
Línea 845: el nombre de la propiedad FX de cmdAnular no es válido.
Línea 846: el nombre de la propiedad HAND de cmdAnular no es válido.
Línea 847: el nombre de la propiedad CHECK de cmdAnular no es válido.
Línea 848: el nombre de la propiedad VALUE de cmdAnular no es válido.
Línea 856: el nombre de la propiedad _ExtentX de cmdHistoria no es válido.
Línea 857: el nombre de la propiedad _ExtentY de cmdHistoria no es válido.
Línea 858: el nombre de la propiedad BTYPE de cmdHistoria no es válido.
Línea 859: el nombre de la propiedad TX de cmdHistoria no es válido.
Línea 860: el nombre de la propiedad ENAB de cmdHistoria no es válido.
Línea 870: el nombre de la propiedad COLTYPE de cmdHistoria no es válido.
Línea 871: el nombre de la propiedad FOCUSR de cmdHistoria no es válido.
Línea 872: el nombre de la propiedad BCOL de cmdHistoria no es válido.
Línea 873: el nombre de la propiedad BCOLO de cmdHistoria no es válido.
Línea 874: el nombre de la propiedad FCOL de cmdHistoria no es válido.
Línea 875: el nombre de la propiedad FCOLO de cmdHistoria no es válido.
Línea 876: el nombre de la propiedad MCOL de cmdHistoria no es válido.
Línea 877: el nombre de la propiedad MPTR de cmdHistoria no es válido.
Línea 878: el nombre de la propiedad MICON de cmdHistoria no es válido.
Línea 879: el nombre de la propiedad PICN de cmdHistoria no es válido.
Línea 880: el nombre de la propiedad UMCOL de cmdHistoria no es válido.
Línea 881: el nombre de la propiedad SOFT de cmdHistoria no es válido.
Línea 882: el nombre de la propiedad PICPOS de cmdHistoria no es válido.
Línea 883: el nombre de la propiedad NGREY de cmdHistoria no es válido.
Línea 884: el nombre de la propiedad FX de cmdHistoria no es válido.
Línea 885: el nombre de la propiedad HAND de cmdHistoria no es válido.
Línea 886: el nombre de la propiedad CHECK de cmdHistoria no es válido.
Línea 887: el nombre de la propiedad VALUE de cmdHistoria no es válido.
Línea 896: el nombre de la propiedad _ExtentX de cmdEmergencia no es válido.
Línea 897: el nombre de la propiedad _ExtentY de cmdEmergencia no es válido.
Línea 898: el nombre de la propiedad BTYPE de cmdEmergencia no es válido.
Línea 899: el nombre de la propiedad TX de cmdEmergencia no es válido.
Línea 900: el nombre de la propiedad ENAB de cmdEmergencia no es válido.
Línea 910: el nombre de la propiedad COLTYPE de cmdEmergencia no es válido.
Línea 911: el nombre de la propiedad FOCUSR de cmdEmergencia no es válido.
Línea 912: el nombre de la propiedad BCOL de cmdEmergencia no es válido.
Línea 913: el nombre de la propiedad BCOLO de cmdEmergencia no es válido.
Línea 914: el nombre de la propiedad FCOL de cmdEmergencia no es válido.
Línea 915: el nombre de la propiedad FCOLO de cmdEmergencia no es válido.
Línea 916: el nombre de la propiedad MCOL de cmdEmergencia no es válido.
Línea 917: el nombre de la propiedad MPTR de cmdEmergencia no es válido.
Línea 918: el nombre de la propiedad MICON de cmdEmergencia no es válido.
Línea 919: el nombre de la propiedad PICN de cmdEmergencia no es válido.
Línea 920: el nombre de la propiedad UMCOL de cmdEmergencia no es válido.
Línea 921: el nombre de la propiedad SOFT de cmdEmergencia no es válido.
Línea 922: el nombre de la propiedad PICPOS de cmdEmergencia no es válido.
Línea 923: el nombre de la propiedad NGREY de cmdEmergencia no es válido.
Línea 924: el nombre de la propiedad FX de cmdEmergencia no es válido.
Línea 925: el nombre de la propiedad HAND de cmdEmergencia no es válido.
Línea 926: el nombre de la propiedad CHECK de cmdEmergencia no es válido.
Línea 927: el nombre de la propiedad VALUE de cmdEmergencia no es válido.
Línea 935: el nombre de la propiedad _ExtentX de cmdComprobante no es válido.
Línea 936: el nombre de la propiedad _ExtentY de cmdComprobante no es válido.
Línea 937: el nombre de la propiedad BTYPE de cmdComprobante no es válido.
Línea 938: el nombre de la propiedad TX de cmdComprobante no es válido.
Línea 939: el nombre de la propiedad ENAB de cmdComprobante no es válido.
Línea 949: el nombre de la propiedad COLTYPE de cmdComprobante no es válido.
Línea 950: el nombre de la propiedad FOCUSR de cmdComprobante no es válido.
Línea 951: el nombre de la propiedad BCOL de cmdComprobante no es válido.
Línea 952: el nombre de la propiedad BCOLO de cmdComprobante no es válido.
Línea 953: el nombre de la propiedad FCOL de cmdComprobante no es válido.
Línea 954: el nombre de la propiedad FCOLO de cmdComprobante no es válido.
Línea 955: el nombre de la propiedad MCOL de cmdComprobante no es válido.
Línea 956: el nombre de la propiedad MPTR de cmdComprobante no es válido.
Línea 957: el nombre de la propiedad MICON de cmdComprobante no es válido.
Línea 958: el nombre de la propiedad PICN de cmdComprobante no es válido.
Línea 959: el nombre de la propiedad UMCOL de cmdComprobante no es válido.
Línea 960: el nombre de la propiedad SOFT de cmdComprobante no es válido.
Línea 961: el nombre de la propiedad PICPOS de cmdComprobante no es válido.
Línea 962: el nombre de la propiedad NGREY de cmdComprobante no es válido.
Línea 963: el nombre de la propiedad FX de cmdComprobante no es válido.
Línea 964: el nombre de la propiedad HAND de cmdComprobante no es válido.
Línea 965: el nombre de la propiedad CHECK de cmdComprobante no es válido.
Línea 966: el nombre de la propiedad VALUE de cmdComprobante no es válido.
Línea 1010: el nombre de la propiedad _ExtentX de cmdValidareSALUD no es válido.
Línea 1011: el nombre de la propiedad _ExtentY de cmdValidareSALUD no es válido.
Línea 1012: el nombre de la propiedad BTYPE de cmdValidareSALUD no es válido.
Línea 1013: el nombre de la propiedad TX de cmdValidareSALUD no es válido.
Línea 1014: el nombre de la propiedad ENAB de cmdValidareSALUD no es válido.
Línea 1024: el nombre de la propiedad COLTYPE de cmdValidareSALUD no es válido.
Línea 1025: el nombre de la propiedad FOCUSR de cmdValidareSALUD no es válido.
Línea 1026: el nombre de la propiedad BCOL de cmdValidareSALUD no es válido.
Línea 1027: el nombre de la propiedad BCOLO de cmdValidareSALUD no es válido.
Línea 1028: el nombre de la propiedad FCOL de cmdValidareSALUD no es válido.
Línea 1029: el nombre de la propiedad FCOLO de cmdValidareSALUD no es válido.
Línea 1030: el nombre de la propiedad MCOL de cmdValidareSALUD no es válido.
Línea 1031: el nombre de la propiedad MPTR de cmdValidareSALUD no es válido.
Línea 1032: el nombre de la propiedad MICON de cmdValidareSALUD no es válido.
Línea 1033: el nombre de la propiedad UMCOL de cmdValidareSALUD no es válido.
Línea 1034: el nombre de la propiedad SOFT de cmdValidareSALUD no es válido.
Línea 1035: el nombre de la propiedad PICPOS de cmdValidareSALUD no es válido.
Línea 1036: el nombre de la propiedad NGREY de cmdValidareSALUD no es válido.
Línea 1037: el nombre de la propiedad FX de cmdValidareSALUD no es válido.
Línea 1038: el nombre de la propiedad HAND de cmdValidareSALUD no es válido.
Línea 1039: el nombre de la propiedad CHECK de cmdValidareSALUD no es válido.
Línea 1040: el nombre de la propiedad VALUE de cmdValidareSALUD no es válido.
