Línea 2108: no se puede cargar el control cmdCambiar.
Línea 2147: no se puede cargar el control cmdTerminar.
Línea 2186: no se puede cargar el control cmdreportes.
Línea 2322: no se puede cargar el control cmdConfirmar.
Línea 2360: no se puede cargar el control cmdCerrarEns.
Línea 2426: no se puede cargar el control cmdagregarSoldadura.
Línea 2465: no se puede cargar el control cmdquitarSoldadura.
Línea 2599: no se puede cargar el control cmdConfFinEns.
Línea 2638: no se puede cargar el control cmdCerrarEns2.
Línea 2746: no se puede cargar el control cmdConfFinSol.
Línea 2785: no se puede cargar el control cmdCerrarSol2.
Línea 2942: no se puede cargar el control cmdConfirmarSol.
Línea 2980: no se puede cargar el control cmdCerrarSol.
Línea 3046: no se puede cargar el control cmdagregarsol.
Línea 3085: no se puede cargar el control cmdquitarsol.
Línea 3207: no se puede cargar el control cmdIniEns.
Línea 3246: no se puede cargar el control cmdFinEns.
Línea 3285: no se puede cargar el control cmdIniSol.
Línea 3324: no se puede cargar el control cmdIniTap.
Línea 3363: no se puede cargar el control cmdFinSol.
Línea 3402: no se puede cargar el control cmdFinTap.
Línea 3441: no se puede cargar el control cmdreiniciarSoldadura.
Línea 3481: no se puede cargar el control cmdreiniciarensamblaje.
Línea 3521: no se puede cargar el control cmdreiniciartapiz.
Línea 4648: no se puede cargar el control cmdreportepagos.
Línea 4687: no se puede cargar el control cmdAdicionarProceso.
Línea 4726: no se puede cargar el control cmdhistorial.
Línea 4789: no se puede cargar el control cmdconvertir.
