Línea 18: la clase Factusoft.ChameleonBtn del control cmdactivar no era una clase de control cargada.
Línea 24: el nombre de la propiedad _ExtentX de cmdactivar no es válido.
Línea 25: el nombre de la propiedad _ExtentY de cmdactivar no es válido.
Línea 26: el nombre de la propiedad BTYPE de cmdactivar no es válido.
Línea 27: el nombre de la propiedad TX de cmdactivar no es válido.
Línea 28: el nombre de la propiedad ENAB de cmdactivar no es válido.
Línea 38: el nombre de la propiedad COLTYPE de cmdactivar no es válido.
Línea 39: el nombre de la propiedad FOCUSR de cmdactivar no es válido.
Línea 40: el nombre de la propiedad BCOL de cmdactivar no es válido.
Línea 41: el nombre de la propiedad BCOLO de cmdactivar no es válido.
Línea 42: el nombre de la propiedad FCOL de cmdactivar no es válido.
Línea 43: el nombre de la propiedad FCOLO de cmdactivar no es válido.
Línea 44: el nombre de la propiedad MCOL de cmdactivar no es válido.
Línea 45: el nombre de la propiedad MPTR de cmdactivar no es válido.
Línea 46: el nombre de la propiedad MICON de cmdactivar no es válido.
Línea 47: el nombre de la propiedad PICN de cmdactivar no es válido.
Línea 48: el nombre de la propiedad UMCOL de cmdactivar no es válido.
Línea 49: el nombre de la propiedad SOFT de cmdactivar no es válido.
Línea 50: el nombre de la propiedad PICPOS de cmdactivar no es válido.
Línea 51: el nombre de la propiedad NGREY de cmdactivar no es válido.
Línea 52: el nombre de la propiedad FX de cmdactivar no es válido.
Línea 53: el nombre de la propiedad HAND de cmdactivar no es válido.
Línea 54: el nombre de la propiedad CHECK de cmdactivar no es válido.
Línea 55: el nombre de la propiedad VALUE de cmdactivar no es válido.
