Línea 110: la clase Factusoft.ChameleonBtn del control cmdprocesar_factor no era una clase de control cargada.
Línea 149: la clase Factusoft.ChameleonBtn del control cmdcerrar_factor no era una clase de control cargada.
Línea 295: la clase Factusoft.ChameleonBtn del control cmdagregar_emp no era una clase de control cargada.
Línea 334: la clase Factusoft.ChameleonBtn del control cmd_salir_emp no era una clase de control cargada.
Línea 373: la clase Factusoft.ChameleonBtn del control cmd_eliminar_emp no era una clase de control cargada.
Línea 412: la clase Factusoft.ChameleonBtn del control cmd_editar_emp no era una clase de control cargada.
Línea 947: la clase Factusoft.ChameleonBtn del control cmdagregartelefono no era una clase de control cargada.
Línea 1078: la clase Factusoft.ChameleonBtn del control cmdagregar no era una clase de control cargada.
Línea 1117: la clase Factusoft.ChameleonBtn del control cmdelete no era una clase de control cargada.
Línea 1515: la clase Factusoft.ChameleonBtn del control cmdprocesar no era una clase de control cargada.
Línea 1592: la clase Factusoft.ChameleonBtn del control cmdcerrar no era una clase de control cargada.
Línea 1631: la clase Factusoft.ChameleonBtn del control cmdvisualizar no era una clase de control cargada.
Línea 2030: la clase Factusoft.ChameleonBtn del control cmdsalir no era una clase de control cargada.
Línea 2069: la clase Factusoft.ChameleonBtn del control cmdEliminar no era una clase de control cargada.
Línea 2108: la clase Factusoft.ChameleonBtn del control cmdEmpleadoras no era una clase de control cargada.
Línea 2147: la clase Factusoft.ChameleonBtn del control cmdEditar no era una clase de control cargada.
Línea 2186: la clase Factusoft.ChameleonBtn del control cmdnuevo no era una clase de control cargada.
Línea 116: el nombre de la propiedad _ExtentX de cmdprocesar_factor no es válido.
Línea 117: el nombre de la propiedad _ExtentY de cmdprocesar_factor no es válido.
Línea 118: el nombre de la propiedad BTYPE de cmdprocesar_factor no es válido.
Línea 119: el nombre de la propiedad TX de cmdprocesar_factor no es válido.
Línea 120: el nombre de la propiedad ENAB de cmdprocesar_factor no es válido.
Línea 130: el nombre de la propiedad COLTYPE de cmdprocesar_factor no es válido.
Línea 131: el nombre de la propiedad FOCUSR de cmdprocesar_factor no es válido.
Línea 132: el nombre de la propiedad BCOL de cmdprocesar_factor no es válido.
Línea 133: el nombre de la propiedad BCOLO de cmdprocesar_factor no es válido.
Línea 134: el nombre de la propiedad FCOL de cmdprocesar_factor no es válido.
Línea 135: el nombre de la propiedad FCOLO de cmdprocesar_factor no es válido.
Línea 136: el nombre de la propiedad MCOL de cmdprocesar_factor no es válido.
Línea 137: el nombre de la propiedad MPTR de cmdprocesar_factor no es válido.
Línea 138: el nombre de la propiedad MICON de cmdprocesar_factor no es válido.
Línea 139: el nombre de la propiedad PICN de cmdprocesar_factor no es válido.
Línea 140: el nombre de la propiedad UMCOL de cmdprocesar_factor no es válido.
Línea 141: el nombre de la propiedad SOFT de cmdprocesar_factor no es válido.
Línea 142: el nombre de la propiedad PICPOS de cmdprocesar_factor no es válido.
Línea 143: el nombre de la propiedad NGREY de cmdprocesar_factor no es válido.
Línea 144: el nombre de la propiedad FX de cmdprocesar_factor no es válido.
Línea 145: el nombre de la propiedad HAND de cmdprocesar_factor no es válido.
Línea 146: el nombre de la propiedad CHECK de cmdprocesar_factor no es válido.
Línea 147: el nombre de la propiedad VALUE de cmdprocesar_factor no es válido.
Línea 155: el nombre de la propiedad _ExtentX de cmdcerrar_factor no es válido.
Línea 156: el nombre de la propiedad _ExtentY de cmdcerrar_factor no es válido.
Línea 157: el nombre de la propiedad BTYPE de cmdcerrar_factor no es válido.
Línea 158: el nombre de la propiedad TX de cmdcerrar_factor no es válido.
Línea 159: el nombre de la propiedad ENAB de cmdcerrar_factor no es válido.
Línea 169: el nombre de la propiedad COLTYPE de cmdcerrar_factor no es válido.
Línea 170: el nombre de la propiedad FOCUSR de cmdcerrar_factor no es válido.
Línea 171: el nombre de la propiedad BCOL de cmdcerrar_factor no es válido.
Línea 172: el nombre de la propiedad BCOLO de cmdcerrar_factor no es válido.
Línea 173: el nombre de la propiedad FCOL de cmdcerrar_factor no es válido.
Línea 174: el nombre de la propiedad FCOLO de cmdcerrar_factor no es válido.
Línea 175: el nombre de la propiedad MCOL de cmdcerrar_factor no es válido.
Línea 176: el nombre de la propiedad MPTR de cmdcerrar_factor no es válido.
Línea 177: el nombre de la propiedad MICON de cmdcerrar_factor no es válido.
Línea 178: el nombre de la propiedad PICN de cmdcerrar_factor no es válido.
Línea 179: el nombre de la propiedad UMCOL de cmdcerrar_factor no es válido.
Línea 180: el nombre de la propiedad SOFT de cmdcerrar_factor no es válido.
Línea 181: el nombre de la propiedad PICPOS de cmdcerrar_factor no es válido.
Línea 182: el nombre de la propiedad NGREY de cmdcerrar_factor no es válido.
Línea 183: el nombre de la propiedad FX de cmdcerrar_factor no es válido.
Línea 184: el nombre de la propiedad HAND de cmdcerrar_factor no es válido.
Línea 185: el nombre de la propiedad CHECK de cmdcerrar_factor no es válido.
Línea 186: el nombre de la propiedad VALUE de cmdcerrar_factor no es válido.
Línea 301: el nombre de la propiedad _ExtentX de cmdagregar_emp no es válido.
Línea 302: el nombre de la propiedad _ExtentY de cmdagregar_emp no es válido.
Línea 303: el nombre de la propiedad BTYPE de cmdagregar_emp no es válido.
Línea 304: el nombre de la propiedad TX de cmdagregar_emp no es válido.
Línea 305: el nombre de la propiedad ENAB de cmdagregar_emp no es válido.
Línea 315: el nombre de la propiedad COLTYPE de cmdagregar_emp no es válido.
Línea 316: el nombre de la propiedad FOCUSR de cmdagregar_emp no es válido.
Línea 317: el nombre de la propiedad BCOL de cmdagregar_emp no es válido.
Línea 318: el nombre de la propiedad BCOLO de cmdagregar_emp no es válido.
Línea 319: el nombre de la propiedad FCOL de cmdagregar_emp no es válido.
Línea 320: el nombre de la propiedad FCOLO de cmdagregar_emp no es válido.
Línea 321: el nombre de la propiedad MCOL de cmdagregar_emp no es válido.
Línea 322: el nombre de la propiedad MPTR de cmdagregar_emp no es válido.
Línea 323: el nombre de la propiedad MICON de cmdagregar_emp no es válido.
Línea 324: el nombre de la propiedad PICN de cmdagregar_emp no es válido.
Línea 325: el nombre de la propiedad UMCOL de cmdagregar_emp no es válido.
Línea 326: el nombre de la propiedad SOFT de cmdagregar_emp no es válido.
Línea 327: el nombre de la propiedad PICPOS de cmdagregar_emp no es válido.
Línea 328: el nombre de la propiedad NGREY de cmdagregar_emp no es válido.
Línea 329: el nombre de la propiedad FX de cmdagregar_emp no es válido.
Línea 330: el nombre de la propiedad HAND de cmdagregar_emp no es válido.
Línea 331: el nombre de la propiedad CHECK de cmdagregar_emp no es válido.
Línea 332: el nombre de la propiedad VALUE de cmdagregar_emp no es válido.
Línea 340: el nombre de la propiedad _ExtentX de cmd_salir_emp no es válido.
Línea 341: el nombre de la propiedad _ExtentY de cmd_salir_emp no es válido.
Línea 342: el nombre de la propiedad BTYPE de cmd_salir_emp no es válido.
Línea 343: el nombre de la propiedad TX de cmd_salir_emp no es válido.
Línea 344: el nombre de la propiedad ENAB de cmd_salir_emp no es válido.
Línea 354: el nombre de la propiedad COLTYPE de cmd_salir_emp no es válido.
Línea 355: el nombre de la propiedad FOCUSR de cmd_salir_emp no es válido.
Línea 356: el nombre de la propiedad BCOL de cmd_salir_emp no es válido.
Línea 357: el nombre de la propiedad BCOLO de cmd_salir_emp no es válido.
Línea 358: el nombre de la propiedad FCOL de cmd_salir_emp no es válido.
Línea 359: el nombre de la propiedad FCOLO de cmd_salir_emp no es válido.
Línea 360: el nombre de la propiedad MCOL de cmd_salir_emp no es válido.
Línea 361: el nombre de la propiedad MPTR de cmd_salir_emp no es válido.
Línea 362: el nombre de la propiedad MICON de cmd_salir_emp no es válido.
Línea 363: el nombre de la propiedad PICN de cmd_salir_emp no es válido.
Línea 364: el nombre de la propiedad UMCOL de cmd_salir_emp no es válido.
Línea 365: el nombre de la propiedad SOFT de cmd_salir_emp no es válido.
Línea 366: el nombre de la propiedad PICPOS de cmd_salir_emp no es válido.
Línea 367: el nombre de la propiedad NGREY de cmd_salir_emp no es válido.
Línea 368: el nombre de la propiedad FX de cmd_salir_emp no es válido.
Línea 369: el nombre de la propiedad HAND de cmd_salir_emp no es válido.
Línea 370: el nombre de la propiedad CHECK de cmd_salir_emp no es válido.
Línea 371: el nombre de la propiedad VALUE de cmd_salir_emp no es válido.
Línea 379: el nombre de la propiedad _ExtentX de cmd_eliminar_emp no es válido.
Línea 380: el nombre de la propiedad _ExtentY de cmd_eliminar_emp no es válido.
Línea 381: el nombre de la propiedad BTYPE de cmd_eliminar_emp no es válido.
Línea 382: el nombre de la propiedad TX de cmd_eliminar_emp no es válido.
Línea 383: el nombre de la propiedad ENAB de cmd_eliminar_emp no es válido.
Línea 393: el nombre de la propiedad COLTYPE de cmd_eliminar_emp no es válido.
Línea 394: el nombre de la propiedad FOCUSR de cmd_eliminar_emp no es válido.
Línea 395: el nombre de la propiedad BCOL de cmd_eliminar_emp no es válido.
Línea 396: el nombre de la propiedad BCOLO de cmd_eliminar_emp no es válido.
Línea 397: el nombre de la propiedad FCOL de cmd_eliminar_emp no es válido.
Línea 398: el nombre de la propiedad FCOLO de cmd_eliminar_emp no es válido.
Línea 399: el nombre de la propiedad MCOL de cmd_eliminar_emp no es válido.
Línea 400: el nombre de la propiedad MPTR de cmd_eliminar_emp no es válido.
Línea 401: el nombre de la propiedad MICON de cmd_eliminar_emp no es válido.
Línea 402: el nombre de la propiedad PICN de cmd_eliminar_emp no es válido.
Línea 403: el nombre de la propiedad UMCOL de cmd_eliminar_emp no es válido.
Línea 404: el nombre de la propiedad SOFT de cmd_eliminar_emp no es válido.
Línea 405: el nombre de la propiedad PICPOS de cmd_eliminar_emp no es válido.
Línea 406: el nombre de la propiedad NGREY de cmd_eliminar_emp no es válido.
Línea 407: el nombre de la propiedad FX de cmd_eliminar_emp no es válido.
Línea 408: el nombre de la propiedad HAND de cmd_eliminar_emp no es válido.
Línea 409: el nombre de la propiedad CHECK de cmd_eliminar_emp no es válido.
Línea 410: el nombre de la propiedad VALUE de cmd_eliminar_emp no es válido.
Línea 418: el nombre de la propiedad _ExtentX de cmd_editar_emp no es válido.
Línea 419: el nombre de la propiedad _ExtentY de cmd_editar_emp no es válido.
Línea 420: el nombre de la propiedad BTYPE de cmd_editar_emp no es válido.
Línea 421: el nombre de la propiedad TX de cmd_editar_emp no es válido.
Línea 422: el nombre de la propiedad ENAB de cmd_editar_emp no es válido.
Línea 432: el nombre de la propiedad COLTYPE de cmd_editar_emp no es válido.
Línea 433: el nombre de la propiedad FOCUSR de cmd_editar_emp no es válido.
Línea 434: el nombre de la propiedad BCOL de cmd_editar_emp no es válido.
Línea 435: el nombre de la propiedad BCOLO de cmd_editar_emp no es válido.
Línea 436: el nombre de la propiedad FCOL de cmd_editar_emp no es válido.
Línea 437: el nombre de la propiedad FCOLO de cmd_editar_emp no es válido.
Línea 438: el nombre de la propiedad MCOL de cmd_editar_emp no es válido.
Línea 439: el nombre de la propiedad MPTR de cmd_editar_emp no es válido.
Línea 440: el nombre de la propiedad MICON de cmd_editar_emp no es válido.
Línea 441: el nombre de la propiedad PICN de cmd_editar_emp no es válido.
Línea 442: el nombre de la propiedad UMCOL de cmd_editar_emp no es válido.
Línea 443: el nombre de la propiedad SOFT de cmd_editar_emp no es válido.
Línea 444: el nombre de la propiedad PICPOS de cmd_editar_emp no es válido.
Línea 445: el nombre de la propiedad NGREY de cmd_editar_emp no es válido.
Línea 446: el nombre de la propiedad FX de cmd_editar_emp no es válido.
Línea 447: el nombre de la propiedad HAND de cmd_editar_emp no es válido.
Línea 448: el nombre de la propiedad CHECK de cmd_editar_emp no es válido.
Línea 449: el nombre de la propiedad VALUE de cmd_editar_emp no es válido.
Línea 953: el nombre de la propiedad _ExtentX de cmdagregartelefono no es válido.
Línea 954: el nombre de la propiedad _ExtentY de cmdagregartelefono no es válido.
Línea 955: el nombre de la propiedad BTYPE de cmdagregartelefono no es válido.
Línea 956: el nombre de la propiedad TX de cmdagregartelefono no es válido.
Línea 957: el nombre de la propiedad ENAB de cmdagregartelefono no es válido.
Línea 967: el nombre de la propiedad COLTYPE de cmdagregartelefono no es válido.
Línea 968: el nombre de la propiedad FOCUSR de cmdagregartelefono no es válido.
Línea 969: el nombre de la propiedad BCOL de cmdagregartelefono no es válido.
Línea 970: el nombre de la propiedad BCOLO de cmdagregartelefono no es válido.
Línea 971: el nombre de la propiedad FCOL de cmdagregartelefono no es válido.
Línea 972: el nombre de la propiedad FCOLO de cmdagregartelefono no es válido.
Línea 973: el nombre de la propiedad MCOL de cmdagregartelefono no es válido.
Línea 974: el nombre de la propiedad MPTR de cmdagregartelefono no es válido.
Línea 975: el nombre de la propiedad MICON de cmdagregartelefono no es válido.
Línea 976: el nombre de la propiedad PICN de cmdagregartelefono no es válido.
Línea 977: el nombre de la propiedad UMCOL de cmdagregartelefono no es válido.
Línea 978: el nombre de la propiedad SOFT de cmdagregartelefono no es válido.
Línea 979: el nombre de la propiedad PICPOS de cmdagregartelefono no es válido.
Línea 980: el nombre de la propiedad NGREY de cmdagregartelefono no es válido.
Línea 981: el nombre de la propiedad FX de cmdagregartelefono no es válido.
Línea 982: el nombre de la propiedad HAND de cmdagregartelefono no es válido.
Línea 983: el nombre de la propiedad CHECK de cmdagregartelefono no es válido.
Línea 984: el nombre de la propiedad VALUE de cmdagregartelefono no es válido.
Línea 1084: el nombre de la propiedad _ExtentX de cmdagregar no es válido.
Línea 1085: el nombre de la propiedad _ExtentY de cmdagregar no es válido.
Línea 1086: el nombre de la propiedad BTYPE de cmdagregar no es válido.
Línea 1087: el nombre de la propiedad TX de cmdagregar no es válido.
Línea 1088: el nombre de la propiedad ENAB de cmdagregar no es válido.
Línea 1098: el nombre de la propiedad COLTYPE de cmdagregar no es válido.
Línea 1099: el nombre de la propiedad FOCUSR de cmdagregar no es válido.
Línea 1100: el nombre de la propiedad BCOL de cmdagregar no es válido.
Línea 1101: el nombre de la propiedad BCOLO de cmdagregar no es válido.
Línea 1102: el nombre de la propiedad FCOL de cmdagregar no es válido.
Línea 1103: el nombre de la propiedad FCOLO de cmdagregar no es válido.
Línea 1104: el nombre de la propiedad MCOL de cmdagregar no es válido.
Línea 1105: el nombre de la propiedad MPTR de cmdagregar no es válido.
Línea 1106: el nombre de la propiedad MICON de cmdagregar no es válido.
Línea 1107: el nombre de la propiedad PICN de cmdagregar no es válido.
Línea 1108: el nombre de la propiedad UMCOL de cmdagregar no es válido.
Línea 1109: el nombre de la propiedad SOFT de cmdagregar no es válido.
Línea 1110: el nombre de la propiedad PICPOS de cmdagregar no es válido.
Línea 1111: el nombre de la propiedad NGREY de cmdagregar no es válido.
Línea 1112: el nombre de la propiedad FX de cmdagregar no es válido.
Línea 1113: el nombre de la propiedad HAND de cmdagregar no es válido.
Línea 1114: el nombre de la propiedad CHECK de cmdagregar no es válido.
Línea 1115: el nombre de la propiedad VALUE de cmdagregar no es válido.
Línea 1123: el nombre de la propiedad _ExtentX de cmdelete no es válido.
Línea 1124: el nombre de la propiedad _ExtentY de cmdelete no es válido.
Línea 1125: el nombre de la propiedad BTYPE de cmdelete no es válido.
Línea 1126: el nombre de la propiedad TX de cmdelete no es válido.
Línea 1127: el nombre de la propiedad ENAB de cmdelete no es válido.
Línea 1137: el nombre de la propiedad COLTYPE de cmdelete no es válido.
Línea 1138: el nombre de la propiedad FOCUSR de cmdelete no es válido.
Línea 1139: el nombre de la propiedad BCOL de cmdelete no es válido.
Línea 1140: el nombre de la propiedad BCOLO de cmdelete no es válido.
Línea 1141: el nombre de la propiedad FCOL de cmdelete no es válido.
Línea 1142: el nombre de la propiedad FCOLO de cmdelete no es válido.
Línea 1143: el nombre de la propiedad MCOL de cmdelete no es válido.
Línea 1144: el nombre de la propiedad MPTR de cmdelete no es válido.
Línea 1145: el nombre de la propiedad MICON de cmdelete no es válido.
Línea 1146: el nombre de la propiedad PICN de cmdelete no es válido.
Línea 1147: el nombre de la propiedad UMCOL de cmdelete no es válido.
Línea 1148: el nombre de la propiedad SOFT de cmdelete no es válido.
Línea 1149: el nombre de la propiedad PICPOS de cmdelete no es válido.
Línea 1150: el nombre de la propiedad NGREY de cmdelete no es válido.
Línea 1151: el nombre de la propiedad FX de cmdelete no es válido.
Línea 1152: el nombre de la propiedad HAND de cmdelete no es válido.
Línea 1153: el nombre de la propiedad CHECK de cmdelete no es válido.
Línea 1154: el nombre de la propiedad VALUE de cmdelete no es válido.
Línea 1521: el nombre de la propiedad _ExtentX de cmdprocesar no es válido.
Línea 1522: el nombre de la propiedad _ExtentY de cmdprocesar no es válido.
Línea 1523: el nombre de la propiedad BTYPE de cmdprocesar no es válido.
Línea 1524: el nombre de la propiedad TX de cmdprocesar no es válido.
Línea 1525: el nombre de la propiedad ENAB de cmdprocesar no es válido.
Línea 1535: el nombre de la propiedad COLTYPE de cmdprocesar no es válido.
Línea 1536: el nombre de la propiedad FOCUSR de cmdprocesar no es válido.
Línea 1537: el nombre de la propiedad BCOL de cmdprocesar no es válido.
Línea 1538: el nombre de la propiedad BCOLO de cmdprocesar no es válido.
Línea 1539: el nombre de la propiedad FCOL de cmdprocesar no es válido.
Línea 1540: el nombre de la propiedad FCOLO de cmdprocesar no es válido.
Línea 1541: el nombre de la propiedad MCOL de cmdprocesar no es válido.
Línea 1542: el nombre de la propiedad MPTR de cmdprocesar no es válido.
Línea 1543: el nombre de la propiedad MICON de cmdprocesar no es válido.
Línea 1544: el nombre de la propiedad PICN de cmdprocesar no es válido.
Línea 1545: el nombre de la propiedad UMCOL de cmdprocesar no es válido.
Línea 1546: el nombre de la propiedad SOFT de cmdprocesar no es válido.
Línea 1547: el nombre de la propiedad PICPOS de cmdprocesar no es válido.
Línea 1548: el nombre de la propiedad NGREY de cmdprocesar no es válido.
Línea 1549: el nombre de la propiedad FX de cmdprocesar no es válido.
Línea 1550: el nombre de la propiedad HAND de cmdprocesar no es válido.
Línea 1551: el nombre de la propiedad CHECK de cmdprocesar no es válido.
Línea 1552: el nombre de la propiedad VALUE de cmdprocesar no es válido.
Línea 1598: el nombre de la propiedad _ExtentX de cmdcerrar no es válido.
Línea 1599: el nombre de la propiedad _ExtentY de cmdcerrar no es válido.
Línea 1600: el nombre de la propiedad BTYPE de cmdcerrar no es válido.
Línea 1601: el nombre de la propiedad TX de cmdcerrar no es válido.
Línea 1602: el nombre de la propiedad ENAB de cmdcerrar no es válido.
Línea 1612: el nombre de la propiedad COLTYPE de cmdcerrar no es válido.
Línea 1613: el nombre de la propiedad FOCUSR de cmdcerrar no es válido.
Línea 1614: el nombre de la propiedad BCOL de cmdcerrar no es válido.
Línea 1615: el nombre de la propiedad BCOLO de cmdcerrar no es válido.
Línea 1616: el nombre de la propiedad FCOL de cmdcerrar no es válido.
Línea 1617: el nombre de la propiedad FCOLO de cmdcerrar no es válido.
Línea 1618: el nombre de la propiedad MCOL de cmdcerrar no es válido.
Línea 1619: el nombre de la propiedad MPTR de cmdcerrar no es válido.
Línea 1620: el nombre de la propiedad MICON de cmdcerrar no es válido.
Línea 1621: el nombre de la propiedad PICN de cmdcerrar no es válido.
Línea 1622: el nombre de la propiedad UMCOL de cmdcerrar no es válido.
Línea 1623: el nombre de la propiedad SOFT de cmdcerrar no es válido.
Línea 1624: el nombre de la propiedad PICPOS de cmdcerrar no es válido.
Línea 1625: el nombre de la propiedad NGREY de cmdcerrar no es válido.
Línea 1626: el nombre de la propiedad FX de cmdcerrar no es válido.
Línea 1627: el nombre de la propiedad HAND de cmdcerrar no es válido.
Línea 1628: el nombre de la propiedad CHECK de cmdcerrar no es válido.
Línea 1629: el nombre de la propiedad VALUE de cmdcerrar no es válido.
Línea 1638: el nombre de la propiedad _ExtentX de cmdvisualizar no es válido.
Línea 1639: el nombre de la propiedad _ExtentY de cmdvisualizar no es válido.
Línea 1640: el nombre de la propiedad BTYPE de cmdvisualizar no es válido.
Línea 1641: el nombre de la propiedad TX de cmdvisualizar no es válido.
Línea 1642: el nombre de la propiedad ENAB de cmdvisualizar no es válido.
Línea 1652: el nombre de la propiedad COLTYPE de cmdvisualizar no es válido.
Línea 1653: el nombre de la propiedad FOCUSR de cmdvisualizar no es válido.
Línea 1654: el nombre de la propiedad BCOL de cmdvisualizar no es válido.
Línea 1655: el nombre de la propiedad BCOLO de cmdvisualizar no es válido.
Línea 1656: el nombre de la propiedad FCOL de cmdvisualizar no es válido.
Línea 1657: el nombre de la propiedad FCOLO de cmdvisualizar no es válido.
Línea 1658: el nombre de la propiedad MCOL de cmdvisualizar no es válido.
Línea 1659: el nombre de la propiedad MPTR de cmdvisualizar no es válido.
Línea 1660: el nombre de la propiedad MICON de cmdvisualizar no es válido.
Línea 1661: el nombre de la propiedad PICN de cmdvisualizar no es válido.
Línea 1662: el nombre de la propiedad UMCOL de cmdvisualizar no es válido.
Línea 1663: el nombre de la propiedad SOFT de cmdvisualizar no es válido.
Línea 1664: el nombre de la propiedad PICPOS de cmdvisualizar no es válido.
Línea 1665: el nombre de la propiedad NGREY de cmdvisualizar no es válido.
Línea 1666: el nombre de la propiedad FX de cmdvisualizar no es válido.
Línea 1667: el nombre de la propiedad HAND de cmdvisualizar no es válido.
Línea 1668: el nombre de la propiedad CHECK de cmdvisualizar no es válido.
Línea 1669: el nombre de la propiedad VALUE de cmdvisualizar no es válido.
Línea 2036: el nombre de la propiedad _ExtentX de cmdsalir no es válido.
Línea 2037: el nombre de la propiedad _ExtentY de cmdsalir no es válido.
Línea 2038: el nombre de la propiedad BTYPE de cmdsalir no es válido.
Línea 2039: el nombre de la propiedad TX de cmdsalir no es válido.
Línea 2040: el nombre de la propiedad ENAB de cmdsalir no es válido.
Línea 2050: el nombre de la propiedad COLTYPE de cmdsalir no es válido.
Línea 2051: el nombre de la propiedad FOCUSR de cmdsalir no es válido.
Línea 2052: el nombre de la propiedad BCOL de cmdsalir no es válido.
Línea 2053: el nombre de la propiedad BCOLO de cmdsalir no es válido.
Línea 2054: el nombre de la propiedad FCOL de cmdsalir no es válido.
Línea 2055: el nombre de la propiedad FCOLO de cmdsalir no es válido.
Línea 2056: el nombre de la propiedad MCOL de cmdsalir no es válido.
Línea 2057: el nombre de la propiedad MPTR de cmdsalir no es válido.
Línea 2058: el nombre de la propiedad MICON de cmdsalir no es válido.
Línea 2059: el nombre de la propiedad PICN de cmdsalir no es válido.
Línea 2060: el nombre de la propiedad UMCOL de cmdsalir no es válido.
Línea 2061: el nombre de la propiedad SOFT de cmdsalir no es válido.
Línea 2062: el nombre de la propiedad PICPOS de cmdsalir no es válido.
Línea 2063: el nombre de la propiedad NGREY de cmdsalir no es válido.
Línea 2064: el nombre de la propiedad FX de cmdsalir no es válido.
Línea 2065: el nombre de la propiedad HAND de cmdsalir no es válido.
Línea 2066: el nombre de la propiedad CHECK de cmdsalir no es válido.
Línea 2067: el nombre de la propiedad VALUE de cmdsalir no es válido.
Línea 2075: el nombre de la propiedad _ExtentX de cmdEliminar no es válido.
Línea 2076: el nombre de la propiedad _ExtentY de cmdEliminar no es válido.
Línea 2077: el nombre de la propiedad BTYPE de cmdEliminar no es válido.
Línea 2078: el nombre de la propiedad TX de cmdEliminar no es válido.
Línea 2079: el nombre de la propiedad ENAB de cmdEliminar no es válido.
Línea 2089: el nombre de la propiedad COLTYPE de cmdEliminar no es válido.
Línea 2090: el nombre de la propiedad FOCUSR de cmdEliminar no es válido.
Línea 2091: el nombre de la propiedad BCOL de cmdEliminar no es válido.
Línea 2092: el nombre de la propiedad BCOLO de cmdEliminar no es válido.
Línea 2093: el nombre de la propiedad FCOL de cmdEliminar no es válido.
Línea 2094: el nombre de la propiedad FCOLO de cmdEliminar no es válido.
Línea 2095: el nombre de la propiedad MCOL de cmdEliminar no es válido.
Línea 2096: el nombre de la propiedad MPTR de cmdEliminar no es válido.
Línea 2097: el nombre de la propiedad MICON de cmdEliminar no es válido.
Línea 2098: el nombre de la propiedad PICN de cmdEliminar no es válido.
Línea 2099: el nombre de la propiedad UMCOL de cmdEliminar no es válido.
Línea 2100: el nombre de la propiedad SOFT de cmdEliminar no es válido.
Línea 2101: el nombre de la propiedad PICPOS de cmdEliminar no es válido.
Línea 2102: el nombre de la propiedad NGREY de cmdEliminar no es válido.
Línea 2103: el nombre de la propiedad FX de cmdEliminar no es válido.
Línea 2104: el nombre de la propiedad HAND de cmdEliminar no es válido.
Línea 2105: el nombre de la propiedad CHECK de cmdEliminar no es válido.
Línea 2106: el nombre de la propiedad VALUE de cmdEliminar no es válido.
Línea 2114: el nombre de la propiedad _ExtentX de cmdEmpleadoras no es válido.
Línea 2115: el nombre de la propiedad _ExtentY de cmdEmpleadoras no es válido.
Línea 2116: el nombre de la propiedad BTYPE de cmdEmpleadoras no es válido.
Línea 2117: el nombre de la propiedad TX de cmdEmpleadoras no es válido.
Línea 2118: el nombre de la propiedad ENAB de cmdEmpleadoras no es válido.
Línea 2128: el nombre de la propiedad COLTYPE de cmdEmpleadoras no es válido.
Línea 2129: el nombre de la propiedad FOCUSR de cmdEmpleadoras no es válido.
Línea 2130: el nombre de la propiedad BCOL de cmdEmpleadoras no es válido.
Línea 2131: el nombre de la propiedad BCOLO de cmdEmpleadoras no es válido.
Línea 2132: el nombre de la propiedad FCOL de cmdEmpleadoras no es válido.
Línea 2133: el nombre de la propiedad FCOLO de cmdEmpleadoras no es válido.
Línea 2134: el nombre de la propiedad MCOL de cmdEmpleadoras no es válido.
Línea 2135: el nombre de la propiedad MPTR de cmdEmpleadoras no es válido.
Línea 2136: el nombre de la propiedad MICON de cmdEmpleadoras no es válido.
Línea 2137: el nombre de la propiedad PICN de cmdEmpleadoras no es válido.
Línea 2138: el nombre de la propiedad UMCOL de cmdEmpleadoras no es válido.
Línea 2139: el nombre de la propiedad SOFT de cmdEmpleadoras no es válido.
Línea 2140: el nombre de la propiedad PICPOS de cmdEmpleadoras no es válido.
Línea 2141: el nombre de la propiedad NGREY de cmdEmpleadoras no es válido.
Línea 2142: el nombre de la propiedad FX de cmdEmpleadoras no es válido.
Línea 2143: el nombre de la propiedad HAND de cmdEmpleadoras no es válido.
Línea 2144: el nombre de la propiedad CHECK de cmdEmpleadoras no es válido.
Línea 2145: el nombre de la propiedad VALUE de cmdEmpleadoras no es válido.
Línea 2153: el nombre de la propiedad _ExtentX de cmdEditar no es válido.
Línea 2154: el nombre de la propiedad _ExtentY de cmdEditar no es válido.
Línea 2155: el nombre de la propiedad BTYPE de cmdEditar no es válido.
Línea 2156: el nombre de la propiedad TX de cmdEditar no es válido.
Línea 2157: el nombre de la propiedad ENAB de cmdEditar no es válido.
Línea 2167: el nombre de la propiedad COLTYPE de cmdEditar no es válido.
Línea 2168: el nombre de la propiedad FOCUSR de cmdEditar no es válido.
Línea 2169: el nombre de la propiedad BCOL de cmdEditar no es válido.
Línea 2170: el nombre de la propiedad BCOLO de cmdEditar no es válido.
Línea 2171: el nombre de la propiedad FCOL de cmdEditar no es válido.
Línea 2172: el nombre de la propiedad FCOLO de cmdEditar no es válido.
Línea 2173: el nombre de la propiedad MCOL de cmdEditar no es válido.
Línea 2174: el nombre de la propiedad MPTR de cmdEditar no es válido.
Línea 2175: el nombre de la propiedad MICON de cmdEditar no es válido.
Línea 2176: el nombre de la propiedad PICN de cmdEditar no es válido.
Línea 2177: el nombre de la propiedad UMCOL de cmdEditar no es válido.
Línea 2178: el nombre de la propiedad SOFT de cmdEditar no es válido.
Línea 2179: el nombre de la propiedad PICPOS de cmdEditar no es válido.
Línea 2180: el nombre de la propiedad NGREY de cmdEditar no es válido.
Línea 2181: el nombre de la propiedad FX de cmdEditar no es válido.
Línea 2182: el nombre de la propiedad HAND de cmdEditar no es válido.
Línea 2183: el nombre de la propiedad CHECK de cmdEditar no es válido.
Línea 2184: el nombre de la propiedad VALUE de cmdEditar no es válido.
Línea 2192: el nombre de la propiedad _ExtentX de cmdnuevo no es válido.
Línea 2193: el nombre de la propiedad _ExtentY de cmdnuevo no es válido.
Línea 2194: el nombre de la propiedad BTYPE de cmdnuevo no es válido.
Línea 2195: el nombre de la propiedad TX de cmdnuevo no es válido.
Línea 2196: el nombre de la propiedad ENAB de cmdnuevo no es válido.
Línea 2206: el nombre de la propiedad COLTYPE de cmdnuevo no es válido.
Línea 2207: el nombre de la propiedad FOCUSR de cmdnuevo no es válido.
Línea 2208: el nombre de la propiedad BCOL de cmdnuevo no es válido.
Línea 2209: el nombre de la propiedad BCOLO de cmdnuevo no es válido.
Línea 2210: el nombre de la propiedad FCOL de cmdnuevo no es válido.
Línea 2211: el nombre de la propiedad FCOLO de cmdnuevo no es válido.
Línea 2212: el nombre de la propiedad MCOL de cmdnuevo no es válido.
Línea 2213: el nombre de la propiedad MPTR de cmdnuevo no es válido.
Línea 2214: el nombre de la propiedad MICON de cmdnuevo no es válido.
Línea 2215: el nombre de la propiedad PICN de cmdnuevo no es válido.
Línea 2216: el nombre de la propiedad UMCOL de cmdnuevo no es válido.
Línea 2217: el nombre de la propiedad SOFT de cmdnuevo no es válido.
Línea 2218: el nombre de la propiedad PICPOS de cmdnuevo no es válido.
Línea 2219: el nombre de la propiedad NGREY de cmdnuevo no es válido.
Línea 2220: el nombre de la propiedad FX de cmdnuevo no es válido.
Línea 2221: el nombre de la propiedad HAND de cmdnuevo no es válido.
Línea 2222: el nombre de la propiedad CHECK de cmdnuevo no es válido.
Línea 2223: el nombre de la propiedad VALUE de cmdnuevo no es válido.
